<?xml version="1.0" encoding="UTF-8"?>
<!-- Generated by org.testng.reporters.JUnitReportReporter -->
<testsuite hostname="sambhawjain" name="restapi.GetAPITest" tests="1" failures="0" timestamp="21 Dec 2018 11:12:42 GMT" time="3.597" errors="0">
  <testcase name="getAPITestWithoutHeaders" time="3.597" classname="restapi.GetAPITest"/>
</testsuite> <!-- restapi.GetAPITest -->
